2025-04-16 20:32:05 [main] INFO  com.example.demo.DemoApplication - Starting DemoApplication using Java 17.0.4.1 with PID 2764 (C:\Users\user\Documents\TNP\backend\target\classes started by user in C:\Users\user\Documents\TNP\backend)
 2025-04-16 20:32:05 [main] DEBUG com.example.demo.DemoApplication - Running with Spring Boot v3.2.3, Spring v6.1.4
 2025-04-16 20:32:05 [main] INFO  com.example.demo.DemoApplication - No active profile set, falling back to 1 default profile: "default"
 2025-04-16 20:32:07 [main] INFO  o.s.d.r.c.RepositoryConfigurationDelegate - Bootstrapping Spring Data JPA repositories in DEFAULT mode.
 2025-04-16 20:32:07 [main] INFO  o.s.d.r.c.RepositoryConfigurationDelegate - Finished Spring Data repository scanning in 94 ms. Found 1 JPA repository interface.
 2025-04-16 20:32:09 [main] INFO  o.s.b.w.e.tomcat.TomcatWebServer - Tomcat initialized with port 8080 (http)
 2025-04-16 20:32:09 [main] INFO  o.a.catalina.core.StandardService - Starting service [Tomcat]
 2025-04-16 20:32:09 [main] INFO  o.a.catalina.core.StandardEngine - Starting Servlet engine: [Apache Tomcat/10.1.19]
 2025-04-16 20:32:09 [main] INFO  o.a.c.c.C.[Tomcat].[localhost].[/] - Initializing Spring embedded WebApplicationContext
 2025-04-16 20:32:09 [main] INFO  o.s.b.w.s.c.ServletWebServerApplicationContext - Root WebApplicationContext: initialization completed in 3252 ms
 2025-04-16 20:32:09 [main] INFO  o.h.jpa.internal.util.LogHelper - HHH000204: Processing PersistenceUnitInfo [name: default]
 2025-04-16 20:32:09 [main] INFO  org.hibernate.Version - HHH000412: Hibernate ORM core version 6.4.4.Final
 2025-04-16 20:32:09 [main] INFO  o.h.c.i.RegionFactoryInitiator - HHH000026: Second-level cache disabled
 2025-04-16 20:32:10 [main] INFO  o.s.o.j.p.SpringPersistenceUnitInfo - No LoadTimeWeaver setup: ignoring JPA class transformer
 2025-04-16 20:32:10 [main] INFO  com.zaxxer.hikari.HikariDataSource - HikariPool-1 - Starting...
 2025-04-16 20:32:10 [main] INFO  com.zaxxer.hikari.pool.HikariPool - HikariPool-1 - Added connection org.postgresql.jdbc.PgConnection@d1c5cf2
 2025-04-16 20:32:10 [main] INFO  com.zaxxer.hikari.HikariDataSource - HikariPool-1 - Start completed.
 2025-04-16 20:32:10 [main] WARN  org.hibernate.orm.deprecation - HHH90000025: PostgreSQLDialect does not need to be specified explicitly using 'hibernate.dialect' (remove the property setting and it will be selected by default)
 2025-04-16 20:32:12 [main] INFO  o.h.e.t.j.p.i.JtaPlatformInitiator - HHH000489: No JTA platform available (set 'hibernate.transaction.jta.platform' to enable JTA platform integration)
 2025-04-16 20:32:12 [main] INFO  o.s.o.j.LocalContainerEntityManagerFactoryBean - Initialized JPA EntityManagerFactory for persistence unit 'default'
 2025-04-16 20:32:13 [main] WARN  o.s.b.a.o.j.JpaBaseConfiguration$JpaWebConfiguration - spring.jpa.open-in-view is enabled by default. Therefore, database queries may be performed during view rendering. Explicitly configure spring.jpa.open-in-view to disable this warning
 2025-04-16 20:32:13 [main] INFO  o.s.s.web.DefaultSecurityFilterChain - Will secure any request with [org.springframework.security.web.session.DisableEncodeUrlFilter@2b625e82, org.springframework.security.web.context.request.async.WebAsyncManagerIntegrationFilter@22657db1, org.springframework.security.web.context.SecurityContextHolderFilter@752e4223, org.springframework.security.web.header.HeaderWriterFilter@15ca7322, org.springframework.web.filter.CorsFilter@58b30e3e, org.springframework.security.web.authentication.logout.LogoutFilter@6dc5e857, org.springframework.security.web.savedrequest.RequestCacheAwareFilter@136690b1, org.springframework.security.web.servletapi.SecurityContextHolderAwareRequestFilter@39007725, org.springframework.security.web.authentication.AnonymousAuthenticationFilter@5325674a, org.springframework.security.web.session.SessionManagementFilter@41092c8, org.springframework.security.web.access.ExceptionTranslationFilter@1acfc058, org.springframework.security.web.access.intercept.AuthorizationFilter@610d0067]
 2025-04-16 20:32:14 [main] INFO  o.s.b.w.e.tomcat.TomcatWebServer - Tomcat started on port 8080 (http) with context path ''
 2025-04-16 20:32:14 [main] INFO  com.example.demo.DemoApplication - Started DemoApplication in 9.489 seconds (process running for 10.266)
 2025-04-16 20:32:17 [http-nio-8080-exec-1] INFO  o.a.c.c.C.[Tomcat].[localhost].[/] - Initializing Spring DispatcherServlet 'dispatcherServlet'
 2025-04-16 20:32:17 [http-nio-8080-exec-1] INFO  o.s.web.servlet.DispatcherServlet - Initializing Servlet 'dispatcherServlet'
 2025-04-16 20:32:17 [http-nio-8080-exec-1] INFO  o.s.web.servlet.DispatcherServlet - Completed initialization in 2 ms
 2025-04-16 20:32:18 [http-nio-8080-exec-10] INFO  o.s.api.AbstractOpenApiResource - Init duration for springdoc-openapi is: 385 ms
 2025-04-16 20:48:49 [main] INFO  com.example.demo.DemoApplication - Starting DemoApplication using Java 17.0.4.1 with PID 3448 (C:\Users\user\Documents\TNP\backend\target\classes started by user in C:\Users\user\Documents\TNP\backend)
 2025-04-16 20:48:49 [main] DEBUG com.example.demo.DemoApplication - Running with Spring Boot v3.2.3, Spring v6.1.4
 2025-04-16 20:48:49 [main] INFO  com.example.demo.DemoApplication - No active profile set, falling back to 1 default profile: "default"
 2025-04-16 20:48:52 [main] INFO  o.s.d.r.c.RepositoryConfigurationDelegate - Bootstrapping Spring Data JPA repositories in DEFAULT mode.
 2025-04-16 20:48:52 [main] INFO  o.s.d.r.c.RepositoryConfigurationDelegate - Finished Spring Data repository scanning in 98 ms. Found 1 JPA repository interface.
 2025-04-16 20:48:53 [main] INFO  o.s.b.w.e.tomcat.TomcatWebServer - Tomcat initialized with port 8080 (http)
 2025-04-16 20:48:53 [main] INFO  o.a.catalina.core.StandardService - Starting service [Tomcat]
 2025-04-16 20:48:53 [main] INFO  o.a.catalina.core.StandardEngine - Starting Servlet engine: [Apache Tomcat/10.1.19]
 2025-04-16 20:48:54 [main] INFO  o.a.c.c.C.[Tomcat].[localhost].[/] - Initializing Spring embedded WebApplicationContext
 2025-04-16 20:48:54 [main] INFO  o.s.b.w.s.c.ServletWebServerApplicationContext - Root WebApplicationContext: initialization completed in 4305 ms
 2025-04-16 20:48:54 [main] INFO  o.h.jpa.internal.util.LogHelper - HHH000204: Processing PersistenceUnitInfo [name: default]
 2025-04-16 20:48:54 [main] INFO  org.hibernate.Version - HHH000412: Hibernate ORM core version 6.4.4.Final
 2025-04-16 20:48:54 [main] INFO  o.h.c.i.RegionFactoryInitiator - HHH000026: Second-level cache disabled
 2025-04-16 20:48:55 [main] INFO  o.s.o.j.p.SpringPersistenceUnitInfo - No LoadTimeWeaver setup: ignoring JPA class transformer
 2025-04-16 20:48:55 [main] INFO  com.zaxxer.hikari.HikariDataSource - HikariPool-1 - Starting...
 2025-04-16 20:48:55 [main] INFO  com.zaxxer.hikari.pool.HikariPool - HikariPool-1 - Added connection org.postgresql.jdbc.PgConnection@3b021664
 2025-04-16 20:48:55 [main] INFO  com.zaxxer.hikari.HikariDataSource - HikariPool-1 - Start completed.
 2025-04-16 20:48:55 [main] WARN  org.hibernate.orm.deprecation - HHH90000025: PostgreSQLDialect does not need to be specified explicitly using 'hibernate.dialect' (remove the property setting and it will be selected by default)
 2025-04-16 20:48:58 [main] INFO  o.h.e.t.j.p.i.JtaPlatformInitiator - HHH000489: No JTA platform available (set 'hibernate.transaction.jta.platform' to enable JTA platform integration)
 2025-04-16 20:48:58 [main] INFO  o.s.o.j.LocalContainerEntityManagerFactoryBean - Initialized JPA EntityManagerFactory for persistence unit 'default'
 2025-04-16 20:48:59 [main] WARN  o.s.b.a.o.j.JpaBaseConfiguration$JpaWebConfiguration - spring.jpa.open-in-view is enabled by default. Therefore, database queries may be performed during view rendering. Explicitly configure spring.jpa.open-in-view to disable this warning
 2025-04-16 20:48:59 [main] INFO  o.s.s.web.DefaultSecurityFilterChain - Will secure any request with [org.springframework.security.web.session.DisableEncodeUrlFilter@2389f546, org.springframework.security.web.context.request.async.WebAsyncManagerIntegrationFilter@5b6ec94a, org.springframework.security.web.context.SecurityContextHolderFilter@2c257c0a, org.springframework.security.web.header.HeaderWriterFilter@12948e7a, org.springframework.web.filter.CorsFilter@64745270, org.springframework.security.web.authentication.logout.LogoutFilter@260f05ee, org.springframework.security.web.savedrequest.RequestCacheAwareFilter@684bfba9, org.springframework.security.web.servletapi.SecurityContextHolderAwareRequestFilter@6f9b5f01, org.springframework.security.web.authentication.AnonymousAuthenticationFilter@596d17f4, org.springframework.security.web.session.SessionManagementFilter@39007725, org.springframework.security.web.access.ExceptionTranslationFilter@38318d67, org.springframework.security.web.access.intercept.AuthorizationFilter@5325674a]
 2025-04-16 20:49:00 [main] INFO  o.s.b.w.e.tomcat.TomcatWebServer - Tomcat started on port 8080 (http) with context path ''
 2025-04-16 20:49:00 [main] INFO  com.example.demo.DemoApplication - Started DemoApplication in 13.063 seconds (process running for 14.479)
 2025-04-16 20:49:11 [SpringApplicationShutdownHook] INFO  o.s.o.j.LocalContainerEntityManagerFactoryBean - Closing JPA EntityManagerFactory for persistence unit 'default'
 2025-04-16 20:49:11 [SpringApplicationShutdownHook] INFO  com.zaxxer.hikari.HikariDataSource - HikariPool-1 - Shutdown initiated...
 2025-04-16 20:49:11 [SpringApplicationShutdownHook] INFO  com.zaxxer.hikari.HikariDataSource - HikariPool-1 - Shutdown completed.
 2025-04-16 20:52:28 [main] INFO  com.example.demo.DemoApplication - Starting DemoApplication using Java 17.0.4.1 with PID 28844 (C:\Users\user\Documents\TNP\backend\target\classes started by user in C:\Users\user\Documents\TNP\backend)
 2025-04-16 20:52:28 [main] DEBUG com.example.demo.DemoApplication - Running with Spring Boot v3.2.3, Spring v6.1.4
 2025-04-16 20:52:28 [main] INFO  com.example.demo.DemoApplication - No active profile set, falling back to 1 default profile: "default"
 2025-04-16 20:52:30 [main] INFO  o.s.d.r.c.RepositoryConfigurationDelegate - Bootstrapping Spring Data JPA repositories in DEFAULT mode.
 2025-04-16 20:52:30 [main] INFO  o.s.d.r.c.RepositoryConfigurationDelegate - Finished Spring Data repository scanning in 112 ms. Found 1 JPA repository interface.
 2025-04-16 20:52:31 [main] INFO  o.s.b.w.e.tomcat.TomcatWebServer - Tomcat initialized with port 8080 (http)
 2025-04-16 20:52:31 [main] INFO  o.a.catalina.core.StandardService - Starting service [Tomcat]
 2025-04-16 20:52:31 [main] INFO  o.a.catalina.core.StandardEngine - Starting Servlet engine: [Apache Tomcat/10.1.19]
 2025-04-16 20:52:32 [main] INFO  o.a.c.c.C.[Tomcat].[localhost].[/] - Initializing Spring embedded WebApplicationContext
 2025-04-16 20:52:32 [main] INFO  o.s.b.w.s.c.ServletWebServerApplicationContext - Root WebApplicationContext: initialization completed in 3037 ms
 2025-04-16 20:52:32 [main] INFO  o.h.jpa.internal.util.LogHelper - HHH000204: Processing PersistenceUnitInfo [name: default]
 2025-04-16 20:52:32 [main] INFO  org.hibernate.Version - HHH000412: Hibernate ORM core version 6.4.4.Final
 2025-04-16 20:52:32 [main] INFO  o.h.c.i.RegionFactoryInitiator - HHH000026: Second-level cache disabled
 2025-04-16 20:52:33 [main] INFO  o.s.o.j.p.SpringPersistenceUnitInfo - No LoadTimeWeaver setup: ignoring JPA class transformer
 2025-04-16 20:52:33 [main] INFO  com.zaxxer.hikari.HikariDataSource - HikariPool-1 - Starting...
 2025-04-16 20:52:33 [main] INFO  com.zaxxer.hikari.pool.HikariPool - HikariPool-1 - Added connection org.postgresql.jdbc.PgConnection@63187d63
 2025-04-16 20:52:33 [main] INFO  com.zaxxer.hikari.HikariDataSource - HikariPool-1 - Start completed.
 2025-04-16 20:52:33 [main] WARN  org.hibernate.orm.deprecation - HHH90000025: PostgreSQLDialect does not need to be specified explicitly using 'hibernate.dialect' (remove the property setting and it will be selected by default)
 2025-04-16 20:52:35 [main] INFO  o.h.e.t.j.p.i.JtaPlatformInitiator - HHH000489: No JTA platform available (set 'hibernate.transaction.jta.platform' to enable JTA platform integration)
 2025-04-16 20:52:35 [main] INFO  o.s.o.j.LocalContainerEntityManagerFactoryBean - Initialized JPA EntityManagerFactory for persistence unit 'default'
 2025-04-16 20:52:36 [main] WARN  o.s.b.a.o.j.JpaBaseConfiguration$JpaWebConfiguration - spring.jpa.open-in-view is enabled by default. Therefore, database queries may be performed during view rendering. Explicitly configure spring.jpa.open-in-view to disable this warning
 2025-04-16 20:52:36 [main] INFO  o.s.s.web.DefaultSecurityFilterChain - Will secure any request with [org.springframework.security.web.session.DisableEncodeUrlFilter@7a023e34, org.springframework.security.web.context.request.async.WebAsyncManagerIntegrationFilter@260f05ee, org.springframework.security.web.context.SecurityContextHolderFilter@7e24a2e2, org.springframework.security.web.header.HeaderWriterFilter@70b0dc92, org.springframework.web.filter.CorsFilter@65fe1f47, org.springframework.security.web.authentication.logout.LogoutFilter@3a36da5e, org.springframework.security.web.savedrequest.RequestCacheAwareFilter@3af6c672, org.springframework.security.web.servletapi.SecurityContextHolderAwareRequestFilter@12948e7a, org.springframework.security.web.authentication.AnonymousAuthenticationFilter@4afdb05e, org.springframework.security.web.session.SessionManagementFilter@15ca7322, org.springframework.security.web.access.ExceptionTranslationFilter@70680f88, org.springframework.security.web.access.intercept.AuthorizationFilter@c3a1d7f]
 2025-04-16 20:52:37 [main] INFO  o.s.b.w.e.tomcat.TomcatWebServer - Tomcat started on port 8080 (http) with context path ''
 2025-04-16 20:52:37 [main] INFO  com.example.demo.DemoApplication - Started DemoApplication in 9.41 seconds (process running for 10.123)
 2025-04-16 20:52:44 [http-nio-8080-exec-1] INFO  o.a.c.c.C.[Tomcat].[localhost].[/] - Initializing Spring DispatcherServlet 'dispatcherServlet'
 2025-04-16 20:52:44 [http-nio-8080-exec-1] INFO  o.s.web.servlet.DispatcherServlet - Initializing Servlet 'dispatcherServlet'
 2025-04-16 20:52:44 [http-nio-8080-exec-1] INFO  o.s.web.servlet.DispatcherServlet - Completed initialization in 3 ms
 2025-04-16 20:55:14 [SpringApplicationShutdownHook] INFO  o.s.o.j.LocalContainerEntityManagerFactoryBean - Closing JPA EntityManagerFactory for persistence unit 'default'
 2025-04-16 20:55:14 [SpringApplicationShutdownHook] INFO  com.zaxxer.hikari.HikariDataSource - HikariPool-1 - Shutdown initiated...
 2025-04-16 20:55:14 [SpringApplicationShutdownHook] INFO  com.zaxxer.hikari.HikariDataSource - HikariPool-1 - Shutdown completed.
 2025-04-16 20:55:30 [main] INFO  com.example.demo.DemoApplication - Starting DemoApplication using Java 17.0.4.1 with PID 43556 (C:\Users\user\Documents\TNP\backend\target\classes started by user in C:\Users\user\Documents\TNP\backend)
 2025-04-16 20:55:30 [main] DEBUG com.example.demo.DemoApplication - Running with Spring Boot v3.2.3, Spring v6.1.4
 2025-04-16 20:55:30 [main] INFO  com.example.demo.DemoApplication - No active profile set, falling back to 1 default profile: "default"
 2025-04-16 20:55:32 [main] INFO  o.s.d.r.c.RepositoryConfigurationDelegate - Bootstrapping Spring Data JPA repositories in DEFAULT mode.
 2025-04-16 20:55:32 [main] INFO  o.s.d.r.c.RepositoryConfigurationDelegate - Finished Spring Data repository scanning in 81 ms. Found 1 JPA repository interface.
 2025-04-16 20:55:33 [main] INFO  o.s.b.w.e.tomcat.TomcatWebServer - Tomcat initialized with port 8080 (http)
 2025-04-16 20:55:33 [main] INFO  o.a.catalina.core.StandardService - Starting service [Tomcat]
 2025-04-16 20:55:33 [main] INFO  o.a.catalina.core.StandardEngine - Starting Servlet engine: [Apache Tomcat/10.1.19]
 2025-04-16 20:55:33 [main] INFO  o.a.c.c.C.[Tomcat].[localhost].[/] - Initializing Spring embedded WebApplicationContext
 2025-04-16 20:55:33 [main] INFO  o.s.b.w.s.c.ServletWebServerApplicationContext - Root WebApplicationContext: initialization completed in 2753 ms
 2025-04-16 20:55:33 [main] INFO  o.h.jpa.internal.util.LogHelper - HHH000204: Processing PersistenceUnitInfo [name: default]
 2025-04-16 20:55:34 [main] INFO  org.hibernate.Version - HHH000412: Hibernate ORM core version 6.4.4.Final
 2025-04-16 20:55:34 [main] INFO  o.h.c.i.RegionFactoryInitiator - HHH000026: Second-level cache disabled
 2025-04-16 20:55:34 [main] INFO  o.s.o.j.p.SpringPersistenceUnitInfo - No LoadTimeWeaver setup: ignoring JPA class transformer
 2025-04-16 20:55:34 [main] INFO  com.zaxxer.hikari.HikariDataSource - HikariPool-1 - Starting...
 2025-04-16 20:55:35 [main] INFO  com.zaxxer.hikari.pool.HikariPool - HikariPool-1 - Added connection org.postgresql.jdbc.PgConnection@2d24cdd9
 2025-04-16 20:55:35 [main] INFO  com.zaxxer.hikari.HikariDataSource - HikariPool-1 - Start completed.
 2025-04-16 20:55:35 [main] WARN  org.hibernate.orm.deprecation - HHH90000025: PostgreSQLDialect does not need to be specified explicitly using 'hibernate.dialect' (remove the property setting and it will be selected by default)
 2025-04-16 20:55:36 [main] INFO  o.h.e.t.j.p.i.JtaPlatformInitiator - HHH000489: No JTA platform available (set 'hibernate.transaction.jta.platform' to enable JTA platform integration)
 2025-04-16 20:55:36 [main] INFO  o.s.o.j.LocalContainerEntityManagerFactoryBean - Initialized JPA EntityManagerFactory for persistence unit 'default'
 2025-04-16 20:55:37 [main] WARN  o.s.b.a.o.j.JpaBaseConfiguration$JpaWebConfiguration - spring.jpa.open-in-view is enabled by default. Therefore, database queries may be performed during view rendering. Explicitly configure spring.jpa.open-in-view to disable this warning
 2025-04-16 20:55:37 [main] INFO  o.s.s.web.DefaultSecurityFilterChain - Will secure any request with [org.springframework.security.web.session.DisableEncodeUrlFilter@659e003e, org.springframework.security.web.context.request.async.WebAsyncManagerIntegrationFilter@5f3c866c, org.springframework.security.web.context.SecurityContextHolderFilter@c3a1d7f, org.springframework.security.web.header.HeaderWriterFilter@3b8a063d, org.springframework.security.web.authentication.logout.LogoutFilter@2566247d, org.springframework.web.filter.CorsFilter@77c3c037, org.springframework.security.web.savedrequest.RequestCacheAwareFilter@2111d7b9, org.springframework.security.web.servletapi.SecurityContextHolderAwareRequestFilter@7a023e34, org.springframework.security.web.authentication.AnonymousAuthenticationFilter@16e0afab, org.springframework.security.web.session.SessionManagementFilter@8cce9ad, org.springframework.security.web.access.ExceptionTranslationFilter@3180131e, org.springframework.security.web.access.intercept.AuthorizationFilter@66cb9a63]
 2025-04-16 20:55:38 [main] INFO  o.s.b.w.e.tomcat.TomcatWebServer - Tomcat started on port 8080 (http) with context path ''
 2025-04-16 20:55:38 [main] INFO  com.example.demo.DemoApplication - Started DemoApplication in 8.305 seconds (process running for 8.974)
 2025-04-16 20:55:54 [http-nio-8080-exec-1] INFO  o.a.c.c.C.[Tomcat].[localhost].[/] - Initializing Spring DispatcherServlet 'dispatcherServlet'
 2025-04-16 20:55:54 [http-nio-8080-exec-1] INFO  o.s.web.servlet.DispatcherServlet - Initializing Servlet 'dispatcherServlet'
 2025-04-16 20:55:54 [http-nio-8080-exec-1] INFO  o.s.web.servlet.DispatcherServlet - Completed initialization in 2 ms
 2025-04-16 20:55:54 [http-nio-8080-exec-2] INFO  c.e.d.c.AuthenticationController - Received registration request for email: pranaytiwariprpk123@gmail.com
 2025-04-16 20:55:54 [http-nio-8080-exec-2] DEBUG c.e.d.service.AuthenticationService - Starting registration process for email: pranaytiwariprpk123@gmail.com
 2025-04-16 20:55:55 [http-nio-8080-exec-2] DEBUG c.e.d.service.AuthenticationService - User saved to database: pranaytiwariprpk123@gmail.com
 2025-04-16 20:55:55 [http-nio-8080-exec-2] INFO  c.e.d.service.AuthenticationService - Registration successful for user: pranaytiwariprpk123@gmail.com
 2025-04-16 20:55:55 [http-nio-8080-exec-2] INFO  c.e.d.c.AuthenticationController - User registered successfully: pranaytiwariprpk123@gmail.com
 2025-04-16 20:56:50 [http-nio-8080-exec-5] INFO  c.e.d.c.AuthenticationController - Received login request for email: test123@example.com
 2025-04-16 20:56:50 [http-nio-8080-exec-5] DEBUG c.e.d.service.AuthenticationService - Starting login process for email: test123@example.com
 2025-04-16 20:56:50 [http-nio-8080-exec-5] DEBUG c.e.d.service.AuthenticationService - Authentication successful for user: test123@example.com
 2025-04-16 20:56:50 [http-nio-8080-exec-5] INFO  c.e.d.service.AuthenticationService - Login successful for user: test123@example.com
 2025-04-16 20:56:50 [http-nio-8080-exec-5] INFO  c.e.d.c.AuthenticationController - User logged in successfully: test123@example.com
 2025-04-16 21:01:07 [http-nio-8080-exec-8] INFO  c.e.d.c.AuthenticationController - Received login request for email: test123@example.com
 2025-04-16 21:01:07 [http-nio-8080-exec-8] DEBUG c.e.d.service.AuthenticationService - Starting login process for email: test123@example.com
 2025-04-16 21:01:07 [http-nio-8080-exec-8] DEBUG c.e.d.service.AuthenticationService - Authentication successful for user: test123@example.com
 2025-04-16 21:01:07 [http-nio-8080-exec-8] INFO  c.e.d.service.AuthenticationService - Login successful for user: test123@example.com
 2025-04-16 21:01:07 [http-nio-8080-exec-8] INFO  c.e.d.c.AuthenticationController - User logged in successfully: test123@example.com
 2025-04-16 22:07:46 [HikariPool-1 housekeeper] WARN  com.zaxxer.hikari.pool.HikariPool - HikariPool-1 - Thread starvation or clock leap detected (housekeeper delta=47m41s140ms985탎999ns).
 2025-04-16 22:36:59 [HikariPool-1 housekeeper] WARN  com.zaxxer.hikari.pool.HikariPool - HikariPool-1 - Thread starvation or clock leap detected (housekeeper delta=26m12s573ms91탎400ns).
 2025-04-16 22:46:07 [HikariPool-1 housekeeper] WARN  com.zaxxer.hikari.pool.HikariPool - HikariPool-1 - Thread starvation or clock leap detected (housekeeper delta=3m38s521ms760탎301ns).
 2025-04-16 22:53:04 [HikariPool-1 housekeeper] WARN  com.zaxxer.hikari.pool.HikariPool - HikariPool-1 - Thread starvation or clock leap detected (housekeeper delta=1m56s285ms50탎999ns).
 2025-04-16 23:29:03 [HikariPool-1 housekeeper] WARN  com.zaxxer.hikari.pool.HikariPool - HikariPool-1 - Thread starvation or clock leap detected (housekeeper delta=1m32s99ms581탎999ns).
 